Testsuite: jsonrestful.BookTests
Tests run: 1, Failures: 1, Errors: 0, Time elapsed: 0.877 sec
------------- Standard Output ---------------
--Output from testSomething--
------------- ---------------- ---------------
------------- Standard Error -----------------
--Output from testSomething--
------------- ---------------- ---------------

Testcase: testSomething took 0.836 sec
	FAILED
java.lang.AssertionError: Implement me
junit.framework.AssertionFailedError: java.lang.AssertionError: Implement me
	at jsonrestful.BookTests.testSomething(BookTests.groovy:15)

