<?xml version="1.0" encoding="UTF-8" ?>
<testsuite errors="0" failures="1" hostname="GRHUANG-PC" name="jsonrestful.BookTests" tests="1" time="0.877" timestamp="2012-03-16T05:08:16">
  <properties />
  <testcase classname="jsonrestful.BookTests" name="testSomething" time="0.839">
    <failure message="java.lang.AssertionError: Implement me" type="junit.framework.AssertionFailedError">junit.framework.AssertionFailedError: java.lang.AssertionError: Implement me
	at jsonrestful.BookTests.testSomething(BookTests.groovy:15)
</failure>
  </testcase>
  <system-out><![CDATA[--Output from testSomething--
]]></system-out>
  <system-err><![CDATA[--Output from testSomething--
]]></system-err>
</testsuite>
